C51 COMPILER V9.60.0.0   MIAN                                                              08/05/2022 10:48:33 PAGE 1   


C51 COMPILER V9.60.0.0, COMPILATION OF MODULE MIAN
OBJECT MODULE PLACED IN .\Objects\mian.obj
COMPILER INVOKED BY: C:\Keil_v5\C51\BIN\C51.EXE mian.c OPTIMIZE(8,SPEED) BROWSE DEBUG OBJECTEXTEND PRINT(.\Listings\mian
                    -.lst) TABS(2) OBJECT(.\Objects\mian.obj)

line level    source

   1          #include "define.h"
   2          
   3          code u8 seg[] ={0x3f,0x06,0x5b,0x4f,0x66,0x6d,0x7d,0x07,0x7f,0x6f};//1-9段码
   4          
   5          void main()
   6          { 
   7   1        u8 i=0;//计数变量
   8   1          int value;//用于保存读出来的值
   9   1        u8 temp[6];//存放数组段码
  10   1        init_ss1602();
  11   1        initds();//初始化DS18B20
  12   1      
  13   1        while(1)
  14   1        {       
  15   2          i++;
  16   2          if(i%50==0)
  17   2            value = readTem()*10;//保留温度值小数后一位
  18   2            value = -1213;
  19   2           
  20   2          
  21   2          if(value<0)//负温度
  22   2          {
  23   3            value=-value;
  24   3            temp[0]=0x40;//显示负号 
  25   3          }
  26   2          else
  27   2            temp[0]=0x00;//不显示
  28   2          temp[1]=seg[value/1000];//百位
  29   2          temp[2]=seg[value%1000/100];//十位
  30   2          temp[3]=seg[value%1000%100/10]|0x80;//个位+小数点
  31   2          temp[4]=seg[value%1000%100%10];//小数点后一位
  32   2          display(temp,4);
*** WARNING C209 IN LINE 32 OF mian.c: '_display': too few actual parameters
*** WARNING C214 IN LINE 32 OF mian.c: 'Argument': conversion: pointer to non-pointer
  33   2          display(0,0,temp);
  34   2        }   
  35   1      }


MODULE INFORMATION:   STATIC OVERLAYABLE
   CODE SIZE        =    229    ----
   CONSTANT SIZE    =     10    ----
   XDATA SIZE       =   ----    ----
   PDATA SIZE       =   ----    ----
   DATA SIZE        =   ----       9
   IDATA SIZE       =   ----    ----
   BIT SIZE         =   ----    ----
END OF MODULE INFORMATION.


C51 COMPILATION COMPLETE.  2 WARNING(S),  0 ERROR(S)
